<?xml version="1.0" encoding="UTF-8"?>
<coverage generated="1770328698168" clover="3.2.0">
  <project timestamp="1770328698168" name="All files">
    <metrics statements="23" coveredstatements="23" conditionals="13" coveredconditionals="13" methods="11" coveredmethods="11" elements="47" coveredelements="47" complexity="0" loc="23" ncloc="23" packages="1" files="2" classes="2"/>
    <file name="constants.ts" path="/Users/viktorhollanders/Developer/uni/software_maintenance/assingments/assignment-2-testing/src/constants.ts">
      <metrics statements="7" coveredstatements="7" conditionals="2" coveredconditionals="2" methods="1" coveredmethods="1"/>
      <line num="1" count="1" type="cond" truecount="2" falsecount="0"/>
      <line num="2" count="1" type="stmt"/>
      <line num="3" count="1" type="stmt"/>
      <line num="4" count="1" type="stmt"/>
      <line num="5" count="1" type="stmt"/>
      <line num="6" count="1" type="stmt"/>
      <line num="7" count="1" type="stmt"/>
    </file>
    <file name="dateUtils.ts" path="/Users/viktorhollanders/Developer/uni/software_maintenance/assingments/assignment-2-testing/src/dateUtils.ts">
      <metrics statements="16" coveredstatements="16" conditionals="11" coveredconditionals="11" methods="10" coveredmethods="10"/>
      <line num="5" count="1" type="stmt"/>
      <line num="13" count="5" type="cond" truecount="4" falsecount="0"/>
      <line num="14" count="3" type="stmt"/>
      <line num="16" count="2" type="cond" truecount="4" falsecount="0"/>
      <line num="17" count="1" type="stmt"/>
      <line num="19" count="1" type="stmt"/>
      <line num="23" count="3" type="cond" truecount="2" falsecount="0"/>
      <line num="24" count="1" type="stmt"/>
      <line num="26" count="2" type="stmt"/>
      <line num="30" count="2" type="stmt"/>
      <line num="34" count="7" type="stmt"/>
      <line num="39" count="3" type="stmt"/>
      <line num="40" count="3" type="stmt"/>
      <line num="41" count="3" type="stmt"/>
      <line num="51" count="2" type="stmt"/>
      <line num="52" count="5" type="stmt"/>
    </file>
  </project>
</coverage>
